time="2021-04-27T17:37:29+02:00" level=info msg="unable to query WSL distros: exit status 4294967295"
time="2021-04-27T17:37:29+02:00" level=info msg="Triggering Linux sysrq via a unix socket: \\\\.\\pipe\\dockerDiagnosticd" type=unixsock
time="2021-04-27T17:37:29+02:00" level=warning msg="/sysrq failed: Post \"http://unix/sysrq\": open \\\\.\\pipe\\dockerDiagnosticd: Systém nemůže nalézt uvedený soubor." type=unixsock
time="2021-04-27T17:37:41+02:00" level=warning msg="[C:\\Program Files\\Docker\\Docker\\resources\\bin\\kubectl.exe --namespace docker get pods -o go-template={{range .items}}{{.metadata.name}}\n{{end}}]: exit status 1" type=kubernetes
time="2021-04-27T17:37:41+02:00" level=warning msg="Unable to connect to the server: dial tcp 127.0.0.1:6443: connectex: Nemohlo být vytvořeno žádné připojení, protože cílový počítač je aktivně odmítl.\n" type=kubernetes
time="2021-04-27T17:37:52+02:00" level=warning msg="[C:\\Program Files\\Docker\\Docker\\resources\\bin\\kubectl.exe --namespace kube-system get pods -o go-template={{range .items}}{{.metadata.name}}\n{{end}}]: exit status 1" type=kubernetes
time="2021-04-27T17:37:52+02:00" level=warning msg="Unable to connect to the server: dial tcp 127.0.0.1:6443: connectex: Nemohlo být vytvořeno žádné připojení, protože cílový počítač je aktivně odmítl.\n" type=kubernetes
time="2021-04-27T17:37:52+02:00" level=info msg="Start gathering list of 101 elements (timeout=15m0s)" type=list
time="2021-04-27T17:37:52+02:00" level=info msg="Gathering DiagKit" type=list
time="2021-04-27T17:37:52+02:00" level=info msg="Gathering BackendGatherer" type=list
time="2021-04-27T17:37:52+02:00" level=info msg="Gathering system" type=list
time="2021-04-27T17:37:52+02:00" level=info msg="Executing: [powershell -NoProfile -Command &{ $(Get-WmiObject Win32_OperatingSystem) | ConvertTo-json -Depth 1 }]"
time="2021-04-27T17:37:53+02:00" level=info msg="Executing: [powershell -NoProfile -Command &{ $(Get-WmiObject Win32_ComputerSystem) | ConvertTo-json -Depth 1 }]"
time="2021-04-27T17:37:53+02:00" level=info msg="Executing: [powershell -NoProfile -Command &{ $(Get-WmiObject Win32_Processor) | ConvertTo-json -Depth 1 }]"
time="2021-04-27T17:37:55+02:00" level=info msg="Executing: [powershell -NoProfile -Command &{ $(Get-WmiObject Win32_BaseBoard) | ConvertTo-json -Depth 1 }]"
time="2021-04-27T17:37:56+02:00" level=info msg="Executing: [powershell -NoProfile -Command &{ Get-Item 'Registry::HKEY_LOCAL_MACHINE\\SOFTWARE\\Microsoft\\Windows NT\\CurrentVersion' }]"
time="2021-04-27T17:37:56+02:00" level=info msg="Executing: [powershell -NoProfile -Command &{ Get-MpComputerStatus }]"
time="2021-04-27T17:37:58+02:00" level=info msg="Executing: [powershell -NoProfile -Command &{ $PSVersionTable }]"
time="2021-04-27T17:37:58+02:00" level=info msg="Gathering tasklist /V" type=list
time="2021-04-27T17:37:58+02:00" level=info msg="Executing: [tasklist /V]"
time="2021-04-27T17:38:03+02:00" level=info msg="Gathering Get-Process | Select-Object Handles,Name,NPM,PM,SI,VM,WS | ConvertTo-Json -Depth 1 (timeout 1m30s)" type=list
time="2021-04-27T17:38:03+02:00" level=info msg="Executing: [powershell -NoProfile -Command &{ Get-Process | Select-Object Handles,Name,NPM,PM,SI,VM,WS | ConvertTo-Json -Depth 1 }]"
time="2021-04-27T17:38:03+02:00" level=info msg="Gathering Get-Service | ConvertTo-Json -Depth 1 (timeout 0s)" type=list
time="2021-04-27T17:38:03+02:00" level=info msg="Executing: [powershell -NoProfile -Command &{ Get-Service | ConvertTo-Json -Depth 1 }]"
time="2021-04-27T17:38:04+02:00" level=info msg="Gathering Get-WindowsOptionalFeature -Online | ConvertTo-Json (timeout 45s)" type=list
time="2021-04-27T17:38:04+02:00" level=info msg="Executing: [powershell -NoProfile -Command &{ Get-WindowsOptionalFeature -Online | ConvertTo-Json }]"
time="2021-04-27T17:38:05+02:00" level=info msg="Gathering Get-ItemProperty HKLM:\\Software\\Microsoft\\Windows\\CurrentVersion\\Uninstall\\* |  Select-Object DisplayName, DisplayVersion, Publisher, InstallDate | ConvertTo-Json (timeout 0s)" type=list
time="2021-04-27T17:38:05+02:00" level=info msg="Executing: [powershell -NoProfile -Command &{ Get-ItemProperty HKLM:\\Software\\Microsoft\\Windows\\CurrentVersion\\Uninstall\\* |  Select-Object DisplayName, DisplayVersion, Publisher, InstallDate | ConvertTo-Json }]"
time="2021-04-27T17:38:06+02:00" level=info msg="Gathering Get-HotFix | ConvertTo-Json (timeout 0s)" type=list
time="2021-04-27T17:38:06+02:00" level=info msg="Executing: [powershell -NoProfile -Command &{ Get-HotFix | ConvertTo-Json }]"
time="2021-04-27T17:38:07+02:00" level=info msg="Gathering driverquery /FO CSV (timeout 30s)" type=list
time="2021-04-27T17:38:07+02:00" level=info msg="Executing: [powershell -NoProfile -Command &{ driverquery /FO CSV }]"
time="2021-04-27T17:38:09+02:00" level=info msg="Gathering get-WmiObject win32_logicaldisk (timeout 0s)" type=list
time="2021-04-27T17:38:09+02:00" level=info msg="Executing: [powershell -NoProfile -Command &{ get-WmiObject win32_logicaldisk }]"
time="2021-04-27T17:38:09+02:00" level=info msg="Gathering C:\\Windows\\System32\\winevt\\Logs\\System.evtx" type=list
time="2021-04-27T17:38:09+02:00" level=info msg="Gathering: C:\\Windows\\System32\\winevt\\Logs\\System.evtx" type=file
time="2021-04-27T17:38:09+02:00" level=info msg="Gathering (Get-ItemProperty 'HKLM:\\Software\\Microsoft\\Windows NT\\CurrentVersion' -Name UBR).UBR (timeout 0s)" type=list
time="2021-04-27T17:38:09+02:00" level=info msg="Executing: [powershell -NoProfile -Command &{ (Get-ItemProperty 'HKLM:\\Software\\Microsoft\\Windows NT\\CurrentVersion' -Name UBR).UBR }]"
time="2021-04-27T17:38:09+02:00" level=info msg="Gathering bcdedit /enum (timeout 0s)" type=list
time="2021-04-27T17:38:09+02:00" level=info msg="Executing: [powershell -NoProfile -Command &{ bcdedit /enum }]"
time="2021-04-27T17:38:10+02:00" level=info msg="Gathering Get-ItemProperty HKLM:\\SYSTEM\\CurrentControlSet\\Control -Name SystemStartOptions (timeout 0s)" type=list
time="2021-04-27T17:38:10+02:00" level=info msg="Executing: [powershell -NoProfile -Command &{ Get-ItemProperty HKLM:\\SYSTEM\\CurrentControlSet\\Control -Name SystemStartOptions }]"
time="2021-04-27T17:38:10+02:00" level=info msg="Gathering Import-Module Hyper-V; Get-VMHost -ComputerName . | ConvertTo-Json -Depth 1 (timeout 30s)" type=list
time="2021-04-27T17:38:10+02:00" level=info msg="Executing: [powershell -NoProfile -Command &{ Import-Module Hyper-V; Get-VMHost -ComputerName . | ConvertTo-Json -Depth 1 }]"
time="2021-04-27T17:38:12+02:00" level=info msg="Gathering Import-Module Hyper-V; Get-VM -ComputerName . | ConvertTo-Json -Depth 1 (timeout 0s)" type=list
time="2021-04-27T17:38:12+02:00" level=info msg="Executing: [powershell -NoProfile -Command &{ Import-Module Hyper-V; Get-VM -ComputerName . | ConvertTo-Json -Depth 1 }]"
time="2021-04-27T17:38:14+02:00" level=info msg="Gathering Get-ChildItem \\\\.\\pipe\\ (timeout 0s)" type=list
time="2021-04-27T17:38:14+02:00" level=info msg="Executing: [powershell -NoProfile -Command &{ Get-ChildItem \\\\.\\pipe\\ }]"
time="2021-04-27T17:38:14+02:00" level=info msg="Gathering WinEvent" type=list
time="2021-04-27T17:38:14+02:00" level=info msg="Executing: [powershell -NoProfile -Command &{ $lst = (Get-Date).AddHours(-24); $lns = \"Microsoft-Windows-Hyper-V*\"; $ps = \"Microsoft-Windows-Hyper-V-*\"; $ll = 8,7,6,5,4,3,2,1,0; Get-WinEvent -FilterHashtable @{Logname=$lns; StartTime=$lst; Level=$ll; ProviderName=$ps} -ErrorAction Ignore |  ConvertTo-Csv }]"
time="2021-04-27T17:38:16+02:00" level=info msg="Gathering ipconfig /allcompartments  (timeout 0s)/all" type=list
time="2021-04-27T17:38:16+02:00" level=info msg="Executing: [ipconfig /allcompartments /all]"
time="2021-04-27T17:38:16+02:00" level=info msg="Gathering Import-Module NetTCPIP; Get-NetIPAddress | ConvertTo-Json (timeout 0s)" type=list
time="2021-04-27T17:38:16+02:00" level=info msg="Executing: [powershell -NoProfile -Command &{ Import-Module NetTCPIP; Get-NetIPAddress | ConvertTo-Json }]"
time="2021-04-27T17:38:17+02:00" level=info msg="Gathering Import-Module NetTCPIP; Get-NetIPInterface | FL * (timeout 0s)" type=list
time="2021-04-27T17:38:17+02:00" level=info msg="Executing: [powershell -NoProfile -Command &{ Import-Module NetTCPIP; Get-NetIPInterface | FL * }]"
time="2021-04-27T17:38:19+02:00" level=info msg="Gathering Import-Module NetTCPIP; Get-NetIPInterface | ConvertTo-Json (timeout 0s)" type=list
time="2021-04-27T17:38:19+02:00" level=info msg="Executing: [powershell -NoProfile -Command &{ Import-Module NetTCPIP; Get-NetIPInterface | ConvertTo-Json }]"
time="2021-04-27T17:38:20+02:00" level=info msg="Gathering Import-Module NetNat; Get-NetNat | FL * (timeout 0s)" type=list
time="2021-04-27T17:38:20+02:00" level=info msg="Executing: [powershell -NoProfile -Command &{ Import-Module NetNat; Get-NetNat | FL * }]"
time="2021-04-27T17:38:21+02:00" level=info msg="Gathering Import-Module NetNat; Get-NetNat | ConvertTo-Json (timeout 0s)" type=list
time="2021-04-27T17:38:21+02:00" level=info msg="Executing: [powershell -NoProfile -Command &{ Import-Module NetNat; Get-NetNat | ConvertTo-Json }]"
time="2021-04-27T17:38:21+02:00" level=info msg="Gathering Import-Module NetNat; Get-NetNatStaticMapping | FL * (timeout 0s)" type=list
time="2021-04-27T17:38:21+02:00" level=info msg="Executing: [powershell -NoProfile -Command &{ Import-Module NetNat; Get-NetNatStaticMapping | FL * }]"
time="2021-04-27T17:38:22+02:00" level=info msg="Gathering Import-Module NetNat; Get-NetNatStaticMapping | ConvertTo-Json (timeout 0s)" type=list
time="2021-04-27T17:38:22+02:00" level=info msg="Executing: [powershell -NoProfile -Command &{ Import-Module NetNat; Get-NetNatStaticMapping | ConvertTo-Json }]"
time="2021-04-27T17:38:22+02:00" level=info msg="Gathering Import-Module NetConnection; Get-NetConnectionProfile | FL * (timeout 0s)" type=list
time="2021-04-27T17:38:22+02:00" level=info msg="Executing: [powershell -NoProfile -Command &{ Import-Module NetConnection; Get-NetConnectionProfile | FL * }]"
time="2021-04-27T17:38:23+02:00" level=info msg="Gathering Import-Module NetConnection; Get-NetConnectionProfile | ConvertTo-Json (timeout 0s)" type=list
time="2021-04-27T17:38:23+02:00" level=info msg="Executing: [powershell -NoProfile -Command &{ Import-Module NetConnection; Get-NetConnectionProfile | ConvertTo-Json }]"
time="2021-04-27T17:38:24+02:00" level=info msg="Gathering Import-Module NetTCPIP; Get-NetRoute | FL * (timeout 0s)" type=list
time="2021-04-27T17:38:24+02:00" level=info msg="Executing: [powershell -NoProfile -Command &{ Import-Module NetTCPIP; Get-NetRoute | FL * }]"
time="2021-04-27T17:38:25+02:00" level=info msg="Gathering Import-Module NetTCPIP; Get-NetRoute | ConvertTo-Json (timeout 0s)" type=list
time="2021-04-27T17:38:25+02:00" level=info msg="Executing: [powershell -NoProfile -Command &{ Import-Module NetTCPIP; Get-NetRoute | ConvertTo-Json }]"
time="2021-04-27T17:38:26+02:00" level=info msg="Gathering C:\\WINDOWS\\System32\\drivers\\etc\\hosts" type=list
time="2021-04-27T17:38:26+02:00" level=info msg="Gathering: C:\\WINDOWS\\System32\\drivers\\etc\\hosts" type=file
time="2021-04-27T17:38:26+02:00" level=info msg="Gathering nslookup localhost" type=list
time="2021-04-27T17:38:26+02:00" level=info msg="Executing: [nslookup localhost]"
time="2021-04-27T17:38:26+02:00" level=info msg="Gathering nslookup www.google.com" type=list
time="2021-04-27T17:38:26+02:00" level=info msg="Executing: [nslookup www.google.com]"
time="2021-04-27T17:38:26+02:00" level=info msg="Gathering Get-WmiObject Win32_networkadapterconfiguration | ? { $_.DefaultIPGateway } | fl * (timeout 0s)" type=list
time="2021-04-27T17:38:26+02:00" level=info msg="Executing: [powershell -NoProfile -Command &{ Get-WmiObject Win32_networkadapterconfiguration | ? { $_.DefaultIPGateway } | fl * }]"
time="2021-04-27T17:38:27+02:00" level=info msg="Gathering Get-ItemProperty -Path 'HKCU:\\Software\\Microsoft\\Windows\\CurrentVersion\\Internet Settings' (timeout 0s)" type=list
time="2021-04-27T17:38:27+02:00" level=info msg="Executing: [powershell -NoProfile -Command &{ Get-ItemProperty -Path 'HKCU:\\Software\\Microsoft\\Windows\\CurrentVersion\\Internet Settings' }]"
time="2021-04-27T17:38:27+02:00" level=info msg="Gathering netstat -rs" type=list
time="2021-04-27T17:38:27+02:00" level=info msg="Executing: [netstat -rs]"
time="2021-04-27T17:38:27+02:00" level=info msg="Gathering netstat -abno" type=list
time="2021-04-27T17:38:27+02:00" level=info msg="Executing: [netstat -abno]"
time="2021-04-27T17:38:27+02:00" level=warning msg="[netstat -abno] exit status 1" type=cmd
time="2021-04-27T17:38:27+02:00" level=info msg="Gathering Import-Module Hyper-V; Get-VMSwitch -ComputerName . | FL * (timeout 10s)" type=list
time="2021-04-27T17:38:27+02:00" level=info msg="Executing: [powershell -NoProfile -Command &{ Import-Module Hyper-V; Get-VMSwitch -ComputerName . | FL * }]"
time="2021-04-27T17:38:29+02:00" level=info msg="Gathering Import-Module Hyper-V; Get-VMSwitch -ComputerName . | ConvertTo-Json -Depth 1 (timeout 15s)" type=list
time="2021-04-27T17:38:29+02:00" level=info msg="Executing: [powershell -NoProfile -Command &{ Import-Module Hyper-V; Get-VMSwitch -ComputerName . | ConvertTo-Json -Depth 1 }]"
time="2021-04-27T17:38:31+02:00" level=info msg="Gathering HTTP GET localhost /v1.24/version" type=list
time="2021-04-27T17:38:31+02:00" level=info msg="HTTP GET: localhost /v1.24/version" type=http
time="2021-04-27T17:38:31+02:00" level=warning msg="Get \"http://localhost/v1.24/version\": open \\\\.\\pipe\\docker_engine: Systém nemůže nalézt uvedený soubor." type=http
time="2021-04-27T17:38:31+02:00" level=info msg="Gathering HTTP GET localhost /v1.24/info" type=list
time="2021-04-27T17:38:31+02:00" level=info msg="HTTP GET: localhost /v1.24/info" type=http
time="2021-04-27T17:38:31+02:00" level=warning msg="Get \"http://localhost/v1.24/info\": open \\\\.\\pipe\\docker_engine: Systém nemůže nalézt uvedený soubor." type=http
time="2021-04-27T17:38:31+02:00" level=info msg="Gathering HTTP GET localhost /v1.24/containers/json?all=1" type=list
time="2021-04-27T17:38:31+02:00" level=info msg="HTTP GET: localhost /v1.24/containers/json?all=1" type=http
time="2021-04-27T17:38:31+02:00" level=warning msg="Get \"http://localhost/v1.24/containers/json?all=1\": open \\\\.\\pipe\\docker_engine: Systém nemůže nalézt uvedený soubor." type=http
time="2021-04-27T17:38:31+02:00" level=info msg="Gathering HTTP GET localhost /v1.24/nodes" type=list
time="2021-04-27T17:38:31+02:00" level=info msg="HTTP GET: localhost /v1.24/nodes" type=http
time="2021-04-27T17:38:31+02:00" level=warning msg="Get \"http://localhost/v1.24/nodes\": open \\\\.\\pipe\\docker_engine: Systém nemůže nalézt uvedený soubor." type=http
time="2021-04-27T17:38:31+02:00" level=info msg="Gathering HTTP GET localhost /v1.24/services" type=list
time="2021-04-27T17:38:31+02:00" level=info msg="HTTP GET: localhost /v1.24/services" type=http
time="2021-04-27T17:38:31+02:00" level=warning msg="Get \"http://localhost/v1.24/services\": open \\\\.\\pipe\\docker_engine: Systém nemůže nalézt uvedený soubor." type=http
time="2021-04-27T17:38:31+02:00" level=info msg="Gathering HTTP GET localhost /v1.24/networks" type=list
time="2021-04-27T17:38:31+02:00" level=info msg="HTTP GET: localhost /v1.24/networks" type=http
time="2021-04-27T17:38:31+02:00" level=warning msg="Get \"http://localhost/v1.24/networks\": open \\\\.\\pipe\\docker_engine: Systém nemůže nalézt uvedený soubor." type=http
time="2021-04-27T17:38:31+02:00" level=info msg="Gathering C:\\ProgramData\\Docker\\config\\daemon.json" type=list
time="2021-04-27T17:38:31+02:00" level=warning msg="C:\\ProgramData\\Docker\\config\\daemon.json not included" type=file
time="2021-04-27T17:38:31+02:00" level=info msg="Gathering Get-ItemProperty -Path 'HKLM:\\SOFTWARE\\Microsoft\\Windows NT\\CurrentVersion\\Virtualization\\Containers' | ConvertTo-Json (timeout 0s)" type=list
time="2021-04-27T17:38:31+02:00" level=info msg="Executing: [powershell -NoProfile -Command &{ Get-ItemProperty -Path 'HKLM:\\SOFTWARE\\Microsoft\\Windows NT\\CurrentVersion\\Virtualization\\Containers' | ConvertTo-Json }]"
time="2021-04-27T17:38:31+02:00" level=info msg="Gathering Get-ChildItem HKLM:\\SYSTEM\\CurrentControlSet\\Services\\hns -Recurse (timeout 0s)" type=list
time="2021-04-27T17:38:31+02:00" level=info msg="Executing: [powershell -NoProfile -Command &{ Get-ChildItem HKLM:\\SYSTEM\\CurrentControlSet\\Services\\hns -Recurse }]"
time="2021-04-27T17:38:32+02:00" level=info msg="Gathering hcsdiag list" type=list
time="2021-04-27T17:38:32+02:00" level=info msg="Executing: [hcsdiag list]"
time="2021-04-27T17:38:32+02:00" level=warning msg="[hcsdiag list] exit status 2151088411" type=cmd
time="2021-04-27T17:38:32+02:00" level=info msg="Gathering C:\\Windows\\System32\\winevt\\Logs\\Microsoft-Windows-Host-Network-Service-Admin.evtx" type=list
time="2021-04-27T17:38:32+02:00" level=info msg="Gathering: C:\\Windows\\System32\\winevt\\Logs\\Microsoft-Windows-Host-Network-Service-Admin.evtx" type=file
time="2021-04-27T17:38:32+02:00" level=info msg="Gathering C:\\ProgramData\\Microsoft\\Windows\\HNS\\HNS.data" type=list
time="2021-04-27T17:38:32+02:00" level=warning msg="C:\\ProgramData\\Microsoft\\Windows\\HNS\\HNS.data not included" type=file
time="2021-04-27T17:38:32+02:00" level=info msg="Gathering WinEvent" type=list
time="2021-04-27T17:38:32+02:00" level=info msg="Executing: [powershell -NoProfile -Command &{ $lst = (Get-Date).AddHours(-24); $lns = \"Microsoft-Windows-Containers-Wcifs/Operational\",\"Microsoft-Windows-Containers-Wcnfs/Operational\",\"Microsoft-Windows-Hyper-V*\",\"Application\"; $ps = \"Docker*\",\"Microsoft-Windows-Hyper-V-*\"; $ll = 8,7,6,5,4,3,2,1,0; Get-WinEvent -FilterHashtable @{Logname=$lns; StartTime=$lst; Level=$ll; ProviderName=$ps} -ErrorAction Ignore |  ConvertTo-Csv }]"
time="2021-04-27T17:38:33+02:00" level=info msg="Gathering {\n  \"id\": \"5F6D035B-6A45-4D55-B1A0-36391A1FC0DF\",\n  \"date\": \"2021-04-27 15:37:29.1684871 +0000 UTC\"\n}\n" type=list
time="2021-04-27T17:38:34+02:00" level=warning msg="Could not get string \"Informational\" in \"C:\\\\Program Files\\\\Docker\\\\Docker\\\\resources\\\\componentsVersion.json\""
time="2021-04-27T17:38:34+02:00" level=info msg="Gathering kubectl --context docker-desktop --namespace docker describe pods" type=list
time="2021-04-27T17:38:34+02:00" level=info msg="Executing: [C:\\Program Files\\Docker\\Docker\\resources\\bin\\kubectl.exe --context docker-desktop version]"
time="2021-04-27T17:38:36+02:00" level=warning msg="[C:\\Program Files\\Docker\\Docker\\resources\\bin\\kubectl.exe --context docker-desktop version] exit status 1" type=cmd
time="2021-04-27T17:38:36+02:00" level=info msg="Executing: [C:\\Program Files\\Docker\\Docker\\resources\\bin\\kubectl.exe --context docker-desktop --namespace docker describe pods]"
time="2021-04-27T17:38:41+02:00" level=warning msg="[C:\\Program Files\\Docker\\Docker\\resources\\bin\\kubectl.exe --context docker-desktop --namespace docker describe pods] exit status 1" type=cmd
time="2021-04-27T17:38:41+02:00" level=warning msg="[C:\\Program Files\\Docker\\Docker\\resources\\bin\\kubectl.exe --context docker-desktop --namespace docker describe pods] (timeout: 5s) -> context deadline exceeded"
time="2021-04-27T17:38:41+02:00" level=info msg="Gathering kubectl --context docker-desktop --namespace docker describe daemonset" type=list
time="2021-04-27T17:38:41+02:00" level=info msg="Executing: [C:\\Program Files\\Docker\\Docker\\resources\\bin\\kubectl.exe --context docker-desktop --namespace docker describe daemonset]"
time="2021-04-27T17:38:47+02:00" level=warning msg="[C:\\Program Files\\Docker\\Docker\\resources\\bin\\kubectl.exe --context docker-desktop --namespace docker describe daemonset] exit status 1" type=cmd
time="2021-04-27T17:38:47+02:00" level=warning msg="[C:\\Program Files\\Docker\\Docker\\resources\\bin\\kubectl.exe --context docker-desktop --namespace docker describe daemonset] (timeout: 5s) -> context deadline exceeded"
time="2021-04-27T17:38:47+02:00" level=info msg="Gathering kubectl --context docker-desktop --namespace docker describe replicaset" type=list
time="2021-04-27T17:38:47+02:00" level=info msg="Executing: [C:\\Program Files\\Docker\\Docker\\resources\\bin\\kubectl.exe --context docker-desktop --namespace docker describe replicaset]"
time="2021-04-27T17:38:52+02:00" level=warning msg="[C:\\Program Files\\Docker\\Docker\\resources\\bin\\kubectl.exe --context docker-desktop --namespace docker describe replicaset] exit status 1" type=cmd
time="2021-04-27T17:38:52+02:00" level=warning msg="[C:\\Program Files\\Docker\\Docker\\resources\\bin\\kubectl.exe --context docker-desktop --namespace docker describe replicaset] (timeout: 5s) -> context deadline exceeded"
time="2021-04-27T17:38:52+02:00" level=info msg="Gathering kubectl --context docker-desktop --namespace docker describe deployments" type=list
time="2021-04-27T17:38:52+02:00" level=info msg="Executing: [C:\\Program Files\\Docker\\Docker\\resources\\bin\\kubectl.exe --context docker-desktop --namespace docker describe deployments]"
time="2021-04-27T17:38:57+02:00" level=warning msg="[C:\\Program Files\\Docker\\Docker\\resources\\bin\\kubectl.exe --context docker-desktop --namespace docker describe deployments] exit status 1" type=cmd
time="2021-04-27T17:38:57+02:00" level=warning msg="[C:\\Program Files\\Docker\\Docker\\resources\\bin\\kubectl.exe --context docker-desktop --namespace docker describe deployments] (timeout: 5s) -> context deadline exceeded"
time="2021-04-27T17:38:57+02:00" level=info msg="Gathering kubectl --context docker-desktop --namespace kube-system describe pods" type=list
time="2021-04-27T17:38:57+02:00" level=info msg="Executing: [C:\\Program Files\\Docker\\Docker\\resources\\bin\\kubectl.exe --context docker-desktop --namespace kube-system describe pods]"
time="2021-04-27T17:39:02+02:00" level=warning msg="[C:\\Program Files\\Docker\\Docker\\resources\\bin\\kubectl.exe --context docker-desktop --namespace kube-system describe pods] exit status 1" type=cmd
time="2021-04-27T17:39:02+02:00" level=warning msg="[C:\\Program Files\\Docker\\Docker\\resources\\bin\\kubectl.exe --context docker-desktop --namespace kube-system describe pods] (timeout: 5s) -> context deadline exceeded"
time="2021-04-27T17:39:02+02:00" level=info msg="Gathering kubectl --context docker-desktop --namespace kube-system describe daemonset" type=list
time="2021-04-27T17:39:02+02:00" level=info msg="Executing: [C:\\Program Files\\Docker\\Docker\\resources\\bin\\kubectl.exe --context docker-desktop --namespace kube-system describe daemonset]"
time="2021-04-27T17:39:07+02:00" level=warning msg="[C:\\Program Files\\Docker\\Docker\\resources\\bin\\kubectl.exe --context docker-desktop --namespace kube-system describe daemonset] exit status 1" type=cmd
time="2021-04-27T17:39:07+02:00" level=warning msg="[C:\\Program Files\\Docker\\Docker\\resources\\bin\\kubectl.exe --context docker-desktop --namespace kube-system describe daemonset] (timeout: 5s) -> context deadline exceeded"
time="2021-04-27T17:39:07+02:00" level=info msg="Gathering kubectl --context docker-desktop --namespace kube-system describe replicaset" type=list
time="2021-04-27T17:39:07+02:00" level=info msg="Executing: [C:\\Program Files\\Docker\\Docker\\resources\\bin\\kubectl.exe --context docker-desktop --namespace kube-system describe replicaset]"
time="2021-04-27T17:39:12+02:00" level=warning msg="[C:\\Program Files\\Docker\\Docker\\resources\\bin\\kubectl.exe --context docker-desktop --namespace kube-system describe replicaset] exit status 1" type=cmd
time="2021-04-27T17:39:12+02:00" level=warning msg="[C:\\Program Files\\Docker\\Docker\\resources\\bin\\kubectl.exe --context docker-desktop --namespace kube-system describe replicaset] (timeout: 5s) -> context deadline exceeded"
time="2021-04-27T17:39:12+02:00" level=info msg="Gathering kubectl --context docker-desktop --namespace kube-system describe deployments" type=list
time="2021-04-27T17:39:12+02:00" level=info msg="Executing: [C:\\Program Files\\Docker\\Docker\\resources\\bin\\kubectl.exe --context docker-desktop --namespace kube-system describe deployments]"
time="2021-04-27T17:39:17+02:00" level=warning msg="[C:\\Program Files\\Docker\\Docker\\resources\\bin\\kubectl.exe --context docker-desktop --namespace kube-system describe deployments] exit status 1" type=cmd
time="2021-04-27T17:39:17+02:00" level=warning msg="[C:\\Program Files\\Docker\\Docker\\resources\\bin\\kubectl.exe --context docker-desktop --namespace kube-system describe deployments] (timeout: 5s) -> context deadline exceeded"
time="2021-04-27T17:39:17+02:00" level=info msg="Gathering VPNKit" type=list
time="2021-04-27T17:39:17+02:00" level=warning msg="Failed to Dial \\\\.\\pipe\\dockerVpnKitDiagnostics: open \\\\.\\pipe\\dockerVpnKitDiagnostics: Systém nemůže nalézt uvedený soubor." type=vpnkit
time="2021-04-27T17:39:17+02:00" level=info msg="Gathering C:\\Users\\Neuro\\AppData\\Roaming\\Docker\\log\\vm/**" type=list
time="2021-04-27T17:39:17+02:00" level=info msg="Gathering: C:\\Users\\Neuro\\AppData\\Roaming\\Docker\\log\\vm" type=directory
time="2021-04-27T17:39:17+02:00" level=info msg="Gathering C:\\Users\\Neuro\\AppData\\Roaming\\Docker\\log\\host/**" type=list
time="2021-04-27T17:39:17+02:00" level=info msg="Gathering: C:\\Users\\Neuro\\AppData\\Roaming\\Docker\\log\\host" type=directory
time="2021-04-27T17:39:17+02:00" level=info msg="Gathering: C:\\Users\\Neuro\\AppData\\Roaming\\Docker\\log\\host\\com.docker.backend.exe.log" type=file
time="2021-04-27T17:39:17+02:00" level=info msg="Skipping empty file: C:\\Users\\Neuro\\AppData\\Roaming\\Docker\\log\\host\\com.docker.diagnose.exe.log" type=file
time="2021-04-27T17:39:17+02:00" level=info msg="Skipping empty file: C:\\Users\\Neuro\\AppData\\Roaming\\Docker\\log\\host\\docker-credential-desktop.exe.log" type=file
time="2021-04-27T17:39:17+02:00" level=info msg="Skipping empty file: C:\\Users\\Neuro\\AppData\\Roaming\\Docker\\log\\host\\docker-credential-desktop.log" type=file
time="2021-04-27T17:39:17+02:00" level=info msg="Gathering C:\\Users\\Neuro\\AppData\\Roaming\\Docker\\features-overrides.json" type=list
time="2021-04-27T17:39:17+02:00" level=warning msg="C:\\Users\\Neuro\\AppData\\Roaming\\Docker\\features-overrides.json not included" type=file
time="2021-04-27T17:39:17+02:00" level=info msg="Gathering kubectl --context docker-desktop --namespace  version " type=list
time="2021-04-27T17:39:17+02:00" level=info msg="Executing: [C:\\Program Files\\Docker\\Docker\\resources\\bin\\kubectl.exe --context docker-desktop version ]"
time="2021-04-27T17:39:19+02:00" level=warning msg="[C:\\Program Files\\Docker\\Docker\\resources\\bin\\kubectl.exe --context docker-desktop version ] exit status 1" type=cmd
time="2021-04-27T17:39:19+02:00" level=info msg="Gathering kubectl --context docker-desktop --namespace  config get-contexts" type=list
time="2021-04-27T17:39:19+02:00" level=info msg="Executing: [C:\\Program Files\\Docker\\Docker\\resources\\bin\\kubectl.exe --context docker-desktop config get-contexts]"
time="2021-04-27T17:39:19+02:00" level=info msg="Gathering kubectl --context docker-desktop --namespace  config current-context" type=list
time="2021-04-27T17:39:19+02:00" level=info msg="Executing: [C:\\Program Files\\Docker\\Docker\\resources\\bin\\kubectl.exe --context docker-desktop config current-context]"
time="2021-04-27T17:39:19+02:00" level=info msg="Gathering kubectl --context docker-desktop --namespace  get nodes" type=list
time="2021-04-27T17:39:19+02:00" level=info msg="Executing: [C:\\Program Files\\Docker\\Docker\\resources\\bin\\kubectl.exe --context docker-desktop get nodes]"
time="2021-04-27T17:39:24+02:00" level=warning msg="[C:\\Program Files\\Docker\\Docker\\resources\\bin\\kubectl.exe --context docker-desktop get nodes] exit status 1" type=cmd
time="2021-04-27T17:39:24+02:00" level=warning msg="[C:\\Program Files\\Docker\\Docker\\resources\\bin\\kubectl.exe --context docker-desktop get nodes] (timeout: 5s) -> context deadline exceeded"
time="2021-04-27T17:39:24+02:00" level=info msg="Gathering kubectl --context docker-desktop --namespace  get namespaces" type=list
time="2021-04-27T17:39:24+02:00" level=info msg="Executing: [C:\\Program Files\\Docker\\Docker\\resources\\bin\\kubectl.exe --context docker-desktop get namespaces]"
time="2021-04-27T17:39:29+02:00" level=warning msg="[C:\\Program Files\\Docker\\Docker\\resources\\bin\\kubectl.exe --context docker-desktop get namespaces] exit status 1" type=cmd
time="2021-04-27T17:39:29+02:00" level=warning msg="[C:\\Program Files\\Docker\\Docker\\resources\\bin\\kubectl.exe --context docker-desktop get namespaces] (timeout: 5s) -> context deadline exceeded"
time="2021-04-27T17:39:29+02:00" level=info msg="Gathering kubectl --context docker-desktop --namespace  describe nodes" type=list
time="2021-04-27T17:39:29+02:00" level=info msg="Executing: [C:\\Program Files\\Docker\\Docker\\resources\\bin\\kubectl.exe --context docker-desktop describe nodes]"
time="2021-04-27T17:39:34+02:00" level=warning msg="[C:\\Program Files\\Docker\\Docker\\resources\\bin\\kubectl.exe --context docker-desktop describe nodes] exit status 1" type=cmd
time="2021-04-27T17:39:34+02:00" level=warning msg="[C:\\Program Files\\Docker\\Docker\\resources\\bin\\kubectl.exe --context docker-desktop describe nodes] (timeout: 5s) -> context deadline exceeded"
time="2021-04-27T17:39:34+02:00" level=info msg="Gathering kubectl --context docker-desktop --namespace  describe pods" type=list
time="2021-04-27T17:39:34+02:00" level=info msg="Executing: [C:\\Program Files\\Docker\\Docker\\resources\\bin\\kubectl.exe --context docker-desktop describe pods --all-namespaces]"
time="2021-04-27T17:39:39+02:00" level=warning msg="[C:\\Program Files\\Docker\\Docker\\resources\\bin\\kubectl.exe --context docker-desktop describe pods --all-namespaces] exit status 1" type=cmd
time="2021-04-27T17:39:39+02:00" level=warning msg="[C:\\Program Files\\Docker\\Docker\\resources\\bin\\kubectl.exe --context docker-desktop describe pods --all-namespaces] (timeout: 5s) -> context deadline exceeded"
time="2021-04-27T17:39:39+02:00" level=info msg="Gathering kubectl --context docker-desktop --namespace  cluster-info dump" type=list
time="2021-04-27T17:39:39+02:00" level=info msg="Executing: [C:\\Program Files\\Docker\\Docker\\resources\\bin\\kubectl.exe --context docker-desktop cluster-info dump]"
time="2021-04-27T17:39:42+02:00" level=warning msg="[C:\\Program Files\\Docker\\Docker\\resources\\bin\\kubectl.exe --context docker-desktop cluster-info dump] exit status 1" type=cmd
time="2021-04-27T17:39:42+02:00" level=info msg="Gathering kubectl --context docker-desktop --namespace  describe services" type=list
time="2021-04-27T17:39:42+02:00" level=info msg="Executing: [C:\\Program Files\\Docker\\Docker\\resources\\bin\\kubectl.exe --context docker-desktop describe services --all-namespaces]"
time="2021-04-27T17:39:47+02:00" level=warning msg="[C:\\Program Files\\Docker\\Docker\\resources\\bin\\kubectl.exe --context docker-desktop describe services --all-namespaces] exit status 1" type=cmd
time="2021-04-27T17:39:47+02:00" level=warning msg="[C:\\Program Files\\Docker\\Docker\\resources\\bin\\kubectl.exe --context docker-desktop describe services --all-namespaces] (timeout: 5s) -> context deadline exceeded"
time="2021-04-27T17:39:47+02:00" level=info msg="Gathering kubectl --context docker-desktop --namespace  describe storageclass,pv,pvc" type=list
time="2021-04-27T17:39:47+02:00" level=info msg="Executing: [C:\\Program Files\\Docker\\Docker\\resources\\bin\\kubectl.exe --context docker-desktop describe storageclass,pv,pvc]"
time="2021-04-27T17:39:52+02:00" level=warning msg="[C:\\Program Files\\Docker\\Docker\\resources\\bin\\kubectl.exe --context docker-desktop describe storageclass,pv,pvc] exit status 1" type=cmd
time="2021-04-27T17:39:52+02:00" level=warning msg="[C:\\Program Files\\Docker\\Docker\\resources\\bin\\kubectl.exe --context docker-desktop describe storageclass,pv,pvc] (timeout: 5s) -> context deadline exceeded"
time="2021-04-27T17:39:52+02:00" level=info msg="Gathering appLogs" type=list
time="2021-04-27T17:39:52+02:00" level=info msg="Gathering: C:\\ProgramData\\DockerDesktop\\service.0.txt" type=file
time="2021-04-27T17:39:52+02:00" level=info msg="Gathering: C:\\ProgramData\\DockerDesktop\\service.1.txt" type=file
time="2021-04-27T17:39:52+02:00" level=info msg="Gathering: C:\\ProgramData\\DockerDesktop\\service.txt" type=file
time="2021-04-27T17:39:52+02:00" level=warning msg="Could not walk \"C:\\\\ProgramData\\\\DockerDesktop\\\\version-packs\": CreateFile C:\\ProgramData\\DockerDesktop\\version-packs: Systém nemůže nalézt uvedený soubor." type=appLogs
time="2021-04-27T17:39:52+02:00" level=info msg="Gathering: C:\\Users\\Neuro\\AppData\\Local\\Docker" type=directory
time="2021-04-27T17:39:52+02:00" level=info msg="Gathering: C:\\Users\\Neuro\\AppData\\Local\\Docker\\install-log.1.txt" type=file
time="2021-04-27T17:39:52+02:00" level=info msg="Gathering: C:\\Users\\Neuro\\AppData\\Local\\Docker\\install-log.2.txt" type=file
time="2021-04-27T17:39:52+02:00" level=info msg="Gathering: C:\\Users\\Neuro\\AppData\\Local\\Docker\\install-log.3.txt" type=file
time="2021-04-27T17:39:52+02:00" level=info msg="Gathering: C:\\Users\\Neuro\\AppData\\Local\\Docker\\install-log.4.txt" type=file
time="2021-04-27T17:39:52+02:00" level=info msg="Gathering: C:\\Users\\Neuro\\AppData\\Local\\Docker\\install-log.5.txt" type=file
time="2021-04-27T17:39:52+02:00" level=info msg="Gathering: C:\\Users\\Neuro\\AppData\\Local\\Docker\\install-log.6.txt" type=file
time="2021-04-27T17:39:52+02:00" level=info msg="Gathering: C:\\Users\\Neuro\\AppData\\Local\\Docker\\install-log.7.txt" type=file
time="2021-04-27T17:39:52+02:00" level=info msg="Gathering: C:\\Users\\Neuro\\AppData\\Local\\Docker\\install-log.8.txt" type=file
time="2021-04-27T17:39:52+02:00" level=info msg="Gathering: C:\\Users\\Neuro\\AppData\\Local\\Docker\\install-log.9.txt" type=file
time="2021-04-27T17:39:52+02:00" level=info msg="Gathering: C:\\Users\\Neuro\\AppData\\Local\\Docker\\install-log.txt" type=file
time="2021-04-27T17:39:52+02:00" level=info msg="Gathering: C:\\Users\\Neuro\\AppData\\Local\\Docker\\log.0.txt" type=file
time="2021-04-27T17:39:52+02:00" level=info msg="Gathering: C:\\Users\\Neuro\\AppData\\Local\\Docker\\log.1.txt" type=file
time="2021-04-27T17:39:52+02:00" level=info msg="Gathering: C:\\Users\\Neuro\\AppData\\Local\\Docker\\log.txt" type=file
time="2021-04-27T17:39:52+02:00" level=info msg="Gathering: C:\\Users\\Neuro\\AppData\\Local\\Docker\\pki\\apiserver-etcd-client.crt" type=file
time="2021-04-27T17:39:52+02:00" level=info msg="Gathering: C:\\Users\\Neuro\\AppData\\Local\\Docker\\pki\\apiserver-etcd-client.key" type=file
time="2021-04-27T17:39:52+02:00" level=info msg="Gathering: C:\\Users\\Neuro\\AppData\\Local\\Docker\\pki\\apiserver-kubelet-client.crt" type=file
time="2021-04-27T17:39:52+02:00" level=info msg="Gathering: C:\\Users\\Neuro\\AppData\\Local\\Docker\\pki\\apiserver-kubelet-client.key" type=file
time="2021-04-27T17:39:52+02:00" level=info msg="Gathering: C:\\Users\\Neuro\\AppData\\Local\\Docker\\pki\\apiserver.crt" type=file
time="2021-04-27T17:39:52+02:00" level=info msg="Gathering: C:\\Users\\Neuro\\AppData\\Local\\Docker\\pki\\apiserver.key" type=file
time="2021-04-27T17:39:52+02:00" level=info msg="Gathering: C:\\Users\\Neuro\\AppData\\Local\\Docker\\pki\\ca.crt" type=file
time="2021-04-27T17:39:52+02:00" level=info msg="Gathering: C:\\Users\\Neuro\\AppData\\Local\\Docker\\pki\\ca.key" type=file
time="2021-04-27T17:39:52+02:00" level=info msg="Gathering: C:\\Users\\Neuro\\AppData\\Local\\Docker\\pki\\etcd\\ca.crt" type=file
time="2021-04-27T17:39:52+02:00" level=info msg="Gathering: C:\\Users\\Neuro\\AppData\\Local\\Docker\\pki\\etcd\\ca.key" type=file
time="2021-04-27T17:39:52+02:00" level=info msg="Gathering: C:\\Users\\Neuro\\AppData\\Local\\Docker\\pki\\etcd\\healthcheck-client.crt" type=file
time="2021-04-27T17:39:52+02:00" level=info msg="Gathering: C:\\Users\\Neuro\\AppData\\Local\\Docker\\pki\\etcd\\healthcheck-client.key" type=file
time="2021-04-27T17:39:52+02:00" level=info msg="Gathering: C:\\Users\\Neuro\\AppData\\Local\\Docker\\pki\\etcd\\peer.crt" type=file
time="2021-04-27T17:39:52+02:00" level=info msg="Gathering: C:\\Users\\Neuro\\AppData\\Local\\Docker\\pki\\etcd\\peer.key" type=file
time="2021-04-27T17:39:52+02:00" level=info msg="Gathering: C:\\Users\\Neuro\\AppData\\Local\\Docker\\pki\\etcd\\server.crt" type=file
time="2021-04-27T17:39:52+02:00" level=info msg="Gathering: C:\\Users\\Neuro\\AppData\\Local\\Docker\\pki\\etcd\\server.key" type=file
time="2021-04-27T17:39:52+02:00" level=info msg="Gathering: C:\\Users\\Neuro\\AppData\\Local\\Docker\\pki\\front-proxy-ca.crt" type=file
time="2021-04-27T17:39:52+02:00" level=info msg="Gathering: C:\\Users\\Neuro\\AppData\\Local\\Docker\\pki\\front-proxy-ca.key" type=file
time="2021-04-27T17:39:52+02:00" level=info msg="Gathering: C:\\Users\\Neuro\\AppData\\Local\\Docker\\pki\\front-proxy-client.crt" type=file
time="2021-04-27T17:39:52+02:00" level=info msg="Gathering: C:\\Users\\Neuro\\AppData\\Local\\Docker\\pki\\front-proxy-client.key" type=file
time="2021-04-27T17:39:52+02:00" level=info msg="Gathering: C:\\Users\\Neuro\\AppData\\Local\\Docker\\pki\\sa.key" type=file
time="2021-04-27T17:39:52+02:00" level=info msg="Gathering: C:\\Users\\Neuro\\AppData\\Local\\Docker\\pki\\sa.pub" type=file
time="2021-04-27T17:39:52+02:00" level=info msg="Gathering: C:\\Users\\Neuro\\AppData\\Roaming\\Docker Desktop\\logs" type=directory
time="2021-04-27T17:39:52+02:00" level=info msg="Gathering: C:\\Users\\Neuro\\AppData\\Roaming\\Docker Desktop\\logs\\main.log" type=file
time="2021-04-27T17:39:52+02:00" level=info msg="Gathering appACLs" type=list
time="2021-04-27T17:39:53+02:00" level=info msg="Gathering Import-Module Hyper-V; Get-VMProcessor -VMName DockerDesktopVM | ConvertTo-Json -Depth 1 (timeout 0s)" type=list
time="2021-04-27T17:39:53+02:00" level=info msg="Executing: [powershell -NoProfile -Command &{ Import-Module Hyper-V; Get-VMProcessor -VMName DockerDesktopVM | ConvertTo-Json -Depth 1 }]"
time="2021-04-27T17:39:54+02:00" level=info msg="Gathering Import-Module Hyper-V; Get-VMMemory -VMName DockerDesktopVM | ConvertTo-Json -Depth 1 (timeout 0s)" type=list
time="2021-04-27T17:39:54+02:00" level=info msg="Executing: [powershell -NoProfile -Command &{ Import-Module Hyper-V; Get-VMMemory -VMName DockerDesktopVM | ConvertTo-Json -Depth 1 }]"
time="2021-04-27T17:39:56+02:00" level=info msg="Gathering Import-Module Hyper-V; Get-VMScsiController -VMName DockerDesktopVM | ConvertTo-Json -Depth 1 (timeout 0s)" type=list
time="2021-04-27T17:39:56+02:00" level=info msg="Executing: [powershell -NoProfile -Command &{ Import-Module Hyper-V; Get-VMScsiController -VMName DockerDesktopVM | ConvertTo-Json -Depth 1 }]"
time="2021-04-27T17:39:58+02:00" level=info msg="Gathering Import-Module Hyper-V; Get-VMHardDiskDrive -VMName DockerDesktopVM | ConvertTo-Json -Depth 1 (timeout 0s)" type=list
time="2021-04-27T17:39:58+02:00" level=info msg="Executing: [powershell -NoProfile -Command &{ Import-Module Hyper-V; Get-VMHardDiskDrive -VMName DockerDesktopVM | ConvertTo-Json -Depth 1 }]"
time="2021-04-27T17:39:59+02:00" level=info msg="Gathering Import-Module Hyper-V; Get-VMDvDDrive -VMName DockerDesktopVM | ConvertTo-Json -Depth 1 (timeout 0s)" type=list
time="2021-04-27T17:39:59+02:00" level=info msg="Executing: [powershell -NoProfile -Command &{ Import-Module Hyper-V; Get-VMDvDDrive -VMName DockerDesktopVM | ConvertTo-Json -Depth 1 }]"
time="2021-04-27T17:40:01+02:00" level=info msg="Gathering Import-Module Hyper-V; Get-VMFirmware -VMName DockerDesktopVM | ConvertTo-Json -Depth 1 (timeout 0s)" type=list
time="2021-04-27T17:40:01+02:00" level=info msg="Executing: [powershell -NoProfile -Command &{ Import-Module Hyper-V; Get-VMFirmware -VMName DockerDesktopVM | ConvertTo-Json -Depth 1 }]"
time="2021-04-27T17:40:02+02:00" level=info msg="Gathering Import-Module Hyper-V; Get-VMComPort -VMName DockerDesktopVM | ConvertTo-Json -Depth 1 (timeout 0s)" type=list
time="2021-04-27T17:40:02+02:00" level=info msg="Executing: [powershell -NoProfile -Command &{ Import-Module Hyper-V; Get-VMComPort -VMName DockerDesktopVM | ConvertTo-Json -Depth 1 }]"
time="2021-04-27T17:40:04+02:00" level=info msg="Gathering Import-Module Hyper-V; Get-VMSecurity -VMName DockerDesktopVM | ConvertTo-Json -Depth 1 (timeout 0s)" type=list
time="2021-04-27T17:40:04+02:00" level=info msg="Executing: [powershell -NoProfile -Command &{ Import-Module Hyper-V; Get-VMSecurity -VMName DockerDesktopVM | ConvertTo-Json -Depth 1 }]"
time="2021-04-27T17:40:05+02:00" level=info msg="Gathering Import-Module Hyper-V; Get-VMNetworkAdapter -VMName DockerDesktopVM | ConvertTo-Json -Depth 1 (timeout 0s)" type=list
time="2021-04-27T17:40:05+02:00" level=info msg="Executing: [powershell -NoProfile -Command &{ Import-Module Hyper-V; Get-VMNetworkAdapter -VMName DockerDesktopVM | ConvertTo-Json -Depth 1 }]"
time="2021-04-27T17:40:07+02:00" level=info msg="Gathering Import-Module Hyper-V; ((get-vm).NetworkAdapters) | ? { $_.SwitchName -eq \"DockerNAT\" } | ConvertTo-Json (timeout 0s)" type=list
time="2021-04-27T17:40:07+02:00" level=info msg="Executing: [powershell -NoProfile -Command &{ Import-Module Hyper-V; ((get-vm).NetworkAdapters) | ? { $_.SwitchName -eq \"DockerNAT\" } | ConvertTo-Json }]"
time="2021-04-27T17:40:09+02:00" level=info msg="Gathering C:\\Users\\Neuro\\AppData\\Roaming\\Docker/**" type=list
time="2021-04-27T17:40:09+02:00" level=info msg="Gathering: C:\\Users\\Neuro\\AppData\\Roaming\\Docker" type=directory
time="2021-04-27T17:40:09+02:00" level=info msg="Gathering: C:\\Users\\Neuro\\AppData\\Roaming\\Docker\\.npsid" type=file
time="2021-04-27T17:40:09+02:00" level=info msg="Gathering: C:\\Users\\Neuro\\AppData\\Roaming\\Docker\\.trackid" type=file
time="2021-04-27T17:40:09+02:00" level=info msg="Gathering: C:\\Users\\Neuro\\AppData\\Roaming\\Docker\\log\\host\\com.docker.backend.exe.log" type=file
time="2021-04-27T17:40:09+02:00" level=info msg="Skipping empty file: C:\\Users\\Neuro\\AppData\\Roaming\\Docker\\log\\host\\com.docker.diagnose.exe.log" type=file
time="2021-04-27T17:40:09+02:00" level=info msg="Skipping empty file: C:\\Users\\Neuro\\AppData\\Roaming\\Docker\\log\\host\\docker-credential-desktop.exe.log" type=file
time="2021-04-27T17:40:09+02:00" level=info msg="Skipping empty file: C:\\Users\\Neuro\\AppData\\Roaming\\Docker\\log\\host\\docker-credential-desktop.log" type=file
time="2021-04-27T17:40:09+02:00" level=info msg="Gathering: C:\\Users\\Neuro\\AppData\\Roaming\\Docker\\settings.json" type=file
time="2021-04-27T17:40:09+02:00" level=info msg="Gathering ls C:\\Users\\Neuro\\.docker C:\\Users\\Neuro\\AppData\\Roaming\\Docker C:\\Program Files\\Docker\\Docker C:\\Users\\Neuro\\AppData\\Local\\Docker C:\\ProgramData\\DockerDesktop C:\\ProgramData\\Docker\\cli-plugins" type=list
time="2021-04-27T17:40:12+02:00" level=info msg="Gathering Redacted C:\\Users\\Neuro\\.docker\\config.json" type=list
time="2021-04-27T17:40:12+02:00" level=info msg="Gathering: C:\\Users\\Neuro\\.docker\\config.json" type=redacted-json
time="2021-04-27T17:40:12+02:00" level=info msg="Gathering Redacted C:\\Users\\Neuro\\.docker\\daemon.json" type=list
time="2021-04-27T17:40:12+02:00" level=info msg="Gathering: C:\\Users\\Neuro\\.docker\\daemon.json" type=redacted-json
time="2021-04-27T17:40:12+02:00" level=info msg="Gathering HTTP GET localhost /fuse/time" type=list
time="2021-04-27T17:40:12+02:00" level=info msg="HTTP GET: localhost /fuse/time" type=http
time="2021-04-27T17:40:12+02:00" level=warning msg="Get \"http://localhost/fuse/time\": open \\\\.\\pipe\\dockerLifecycleServer: Systém nemůže nalézt uvedený soubor." type=http
time="2021-04-27T17:40:12+02:00" level=info msg="Gathering HTTP GET localhost /fuse/count" type=list
time="2021-04-27T17:40:12+02:00" level=info msg="HTTP GET: localhost /fuse/count" type=http
time="2021-04-27T17:40:12+02:00" level=warning msg="Get \"http://localhost/fuse/count\": open \\\\.\\pipe\\dockerLifecycleServer: Systém nemůže nalézt uvedený soubor." type=http
time="2021-04-27T17:40:12+02:00" level=info msg="Gathering HTTP GET localhost /fuse/filename" type=list
time="2021-04-27T17:40:12+02:00" level=info msg="HTTP GET: localhost /fuse/filename" type=http
time="2021-04-27T17:40:12+02:00" level=warning msg="Get \"http://localhost/fuse/filename\": open \\\\.\\pipe\\dockerLifecycleServer: Systém nemůže nalézt uvedený soubor." type=http
time="2021-04-27T17:40:12+02:00" level=info msg="Gathering HTTP GET localhost /fuse/calls" type=list
time="2021-04-27T17:40:12+02:00" level=info msg="HTTP GET: localhost /fuse/calls" type=http
time="2021-04-27T17:40:12+02:00" level=warning msg="Get \"http://localhost/fuse/calls\": open \\\\.\\pipe\\dockerLifecycleServer: Systém nemůže nalézt uvedený soubor." type=http
time="2021-04-27T17:40:12+02:00" level=info msg="Gathering fuseVolumeGatherer" type=list
time="2021-04-27T17:40:12+02:00" level=info msg="Gathering fuseStacksGatherer" type=list
time="2021-04-27T17:40:12+02:00" level=info msg="Gathering mutagenGatherer" type=list
time="2021-04-27T17:40:17+02:00" level=info msg="Gathering wsl.exe -d  (timeout 5s)docker-desktop  (timeout 5s)dmesg" type=list
time="2021-04-27T17:40:17+02:00" level=info msg="Executing: [wsl.exe -d docker-desktop dmesg]"
time="2021-04-27T17:40:18+02:00" level=warning msg="[wsl.exe -d docker-desktop dmesg] exit status 4294967295" type=cmd
time="2021-04-27T17:40:18+02:00" level=info msg="Gathering \\\\.\\pipe\\dockerDiagnosticd" type=list
time="2021-04-27T17:40:18+02:00" level=info msg="Getting Linux Diagnostics via a unix socket: \\\\.\\pipe\\dockerDiagnosticd" type=unixsock
time="2021-04-27T17:40:18+02:00" level=warning msg="/diagnostics failed: Get \"http://unix/diagnostics\": open \\\\.\\pipe\\dockerDiagnosticd: Systém nemůže nalézt uvedený soubor." type=unixsock
time="2021-04-27T17:40:18+02:00" level=info msg="All 101 gatherers finished" type=list
